A51 MACRO ASSEMBLER  PRO_5                                                                03/28/2023 19:50:31 PAGE     1


MACRO ASSEMBLER A51 V8.2.7.0
OBJECT MODULE PLACED IN .\Objects\PRO_5.obj
ASSEMBLER INVOKED BY: C:\Keil_v5\C51\BIN\A51.EXE PRO_5.a51 SET(SMALL) DEBUG PRINT(.\Listings\PRO_5.lst) OBJECT(.\Objects
                      \PRO_5.obj) EP

LOC  OBJ            LINE     SOURCE

                       1     
                       2     
                       3     
0000                   4     org 0000h
0000 7405              5             mov a,#5h
0002 75F004            6             mov b,#4h
0005 25F0              7             add a,b
0007 F550              8             mov 50h,a
                       9     end
A51 MACRO ASSEMBLER  PRO_5                                                                03/28/2023 19:50:31 PAGE     2

SYMBOL TABLE LISTING
------ ----- -------


N A M E             T Y P E  V A L U E   ATTRIBUTES

B. . . . . . . . .  D ADDR   00F0H   A   


REGISTER BANK(S) USED: 0 


ASSEMBLY COMPLETE.  0 WARNING(S), 0 ERROR(S)
