A51 MACRO ASSEMBLER  PRO_1                                                                03/28/2023 19:30:28 PAGE     1


MACRO ASSEMBLER A51 V8.2.7.0
OBJECT MODULE PLACED IN .\Objects\PRO_1.obj
ASSEMBLER INVOKED BY: C:\Keil_v5\C51\BIN\A51.EXE PRO_1.a51 SET(SMALL) DEBUG PRINT(.\Listings\PRO_1.lst) OBJECT(.\Objects
                      \PRO_1.obj) EP

LOC  OBJ            LINE     SOURCE

                       1     
                       2     
                       3     
0000                   4     Org 0000h
0000 759000            5             Start:mov p1,#00h
0003 7590FF            6     Mov p1,#0ffh
0006 80F8              7     Jmp start
                       8     end
A51 MACRO ASSEMBLER  PRO_1                                                                03/28/2023 19:30:28 PAGE     2

SYMBOL TABLE LISTING
------ ----- -------


N A M E             T Y P E  V A L U E   ATTRIBUTES

P1 . . . . . . . .  D ADDR   0090H   A   
START. . . . . . .  C ADDR   0000H   A   


REGISTER BANK(S) USED: 0 


ASSEMBLY COMPLETE.  0 WARNING(S), 0 ERROR(S)
