A51 MACRO ASSEMBLER  PRO_10                                                               03/28/2023 20:05:04 PAGE     1


MACRO ASSEMBLER A51 V8.2.7.0
OBJECT MODULE PLACED IN .\Objects\PRO_10.obj
ASSEMBLER INVOKED BY: C:\Keil_v5\C51\BIN\A51.EXE PRO_10.a51 SET(SMALL) DEBUG PRINT(.\Listings\PRO_10.lst) OBJECT(.\Objec
                      ts\PRO_10.obj) EP

LOC  OBJ            LINE     SOURCE

                       1     
                       2     
                       3     
0000                   4     ORG 0000h
0000 7830              5             MOV R0 ,#30h
0002 E8                6             MOV A,R0
0003 F4                7             CPL A;
0004 2401              8             ADD A,#01h
0006 F8                9             MOV R0,A
                      10             END
A51 MACRO ASSEMBLER  PRO_10                                                               03/28/2023 20:05:04 PAGE     2

SYMBOL TABLE LISTING
------ ----- -------


N A M E             T Y P E  V A L U E   ATTRIBUTES



REGISTER BANK(S) USED: 0 


ASSEMBLY COMPLETE.  0 WARNING(S), 0 ERROR(S)
