A51 MACRO ASSEMBLER  PRO_18                                                               02/10/2023 08:34:06 PAGE     1


MACRO ASSEMBLER A51 V8.2.7.0
OBJECT MODULE PLACED IN .\Objects\PRO_18.obj
ASSEMBLER INVOKED BY: C:\Keil_v5\C51\BIN\A51.EXE PRO_18.a51 SET(SMALL) DEBUG PRINT(.\Listings\PRO_18.lst) OBJECT(.\Objec
                      ts\PRO_18.obj) EP

LOC  OBJ            LINE     SOURCE

                       1     
                       2     
                       3     
                       4     
0000                   5     ORG 0000H
0000 D2B1              6             SETB P3.1
0002 C2B0              7             CLR P3.0
                       8             END
A51 MACRO ASSEMBLER  PRO_18                                                               02/10/2023 08:34:06 PAGE     2

SYMBOL TABLE LISTING
------ ----- -------


N A M E             T Y P E  V A L U E   ATTRIBUTES

P3 . . . . . . . .  D ADDR   00B0H   A   


REGISTER BANK(S) USED: 0 


ASSEMBLY COMPLETE.  0 WARNING(S), 0 ERROR(S)
